TN:
SF:/home/nadin-katrin/IdeaProjects/03_02_csm_frameworks_intro_directives/src/components/userAdminComponents/ActivateUser.vue
FNF:0
FNH:0
LF:0
LH:0
BRF:0
BRH:0
end_of_record
TN:
SF:/home/nadin-katrin/IdeaProjects/03_02_csm_frameworks_intro_directives/src/components/kanBanComponents/KanBanColumn.vue
FN:61,(anonymous_0)
FN:74,(anonymous_1)
FNF:2
FNH:0
FNDA:0,(anonymous_0)
FNDA:0,(anonymous_1)
DA:53,1
DA:57,0
DA:70,0
DA:71,0
DA:72,0
DA:74,0
DA:75,0
DA:80,1
DA:89,0
DA:90,0
DA:91,0
DA:92,0
DA:94,0
DA:97,0
DA:98,0
DA:99,0
LF:16
LH:2
BRDA:70,0,0,0
BRDA:70,0,1,0
BRDA:91,1,0,0
BRDA:91,1,1,0
BRDA:94,2,0,0
BRDA:94,2,1,0
BRDA:94,2,2,0
BRDA:97,3,0,0
BRDA:97,3,1,0
BRF:9
BRH:0
end_of_record
TN:
SF:/home/nadin-katrin/IdeaProjects/03_02_csm_frameworks_intro_directives/src/components/kanBanComponents/KanBanCard.vue
FNF:0
FNH:0
DA:41,1
DA:43,1
DA:45,0
DA:47,0
LF:4
LH:2
BRDA:41,0,0,1
BRDA:41,0,1,0
BRDA:41,0,2,0
BRF:3
BRH:1
end_of_record
TN:
SF:/home/nadin-katrin/IdeaProjects/03_02_csm_frameworks_intro_directives/src/components/kanBanComponents/KanBanSubTask.vue
FN:52,(anonymous_0)
FN:58,(anonymous_1)
FN:79,(anonymous_2)
FN:91,(anonymous_3)
FNF:4
FNH:0
FNDA:0,(anonymous_0)
FNDA:0,(anonymous_1)
FNDA:0,(anonymous_2)
FNDA:0,(anonymous_3)
DA:50,0
DA:51,0
DA:52,0
DA:53,0
DA:56,1
DA:57,1
DA:58,0
DA:59,0
DA:60,0
DA:62,0
DA:66,1
DA:73,0
DA:74,0
DA:75,0
DA:80,0
DA:87,0
DA:92,0
DA:96,0
LF:18
LH:3
BRDA:74,0,0,0
BRDA:74,0,1,0
BRF:2
BRH:0
end_of_record
TN:
SF:/home/nadin-katrin/IdeaProjects/03_02_csm_frameworks_intro_directives/src/components/kanBanComponents/KanBanNewInlineTask.vue
FNF:0
FNH:0
DA:48,1
DA:50,0
DA:52,0
DA:54,1
DA:59,1
DA:75,1
LF:6
LH:4
BRDA:48,0,0,0
BRDA:48,0,1,0
BRDA:48,0,2,1
BRF:3
BRH:1
end_of_record
TN:
SF:/home/nadin-katrin/IdeaProjects/03_02_csm_frameworks_intro_directives/src/components/pages/KanBanBoard.vue
FNF:0
FNH:0
LF:0
LH:0
BRF:0
BRH:0
end_of_record
TN:
SF:/home/nadin-katrin/IdeaProjects/03_02_csm_frameworks_intro_directives/src/store/modules/users.js
FN:14,(anonymous_0)
FN:15,(anonymous_1)
FN:20,(anonymous_2)
FNF:3
FNH:0
FNDA:0,(anonymous_0)
FNDA:0,(anonymous_1)
FNDA:0,(anonymous_2)
DA:3,1
DA:13,1
DA:14,0
DA:15,0
DA:18,1
DA:20,0
DA:21,0
DA:25,0
DA:28,0
DA:32,1
DA:34,0
DA:37,0
DA:40,0
LF:13
LH:4
BRF:0
BRH:0
end_of_record
TN:
SF:/home/nadin-katrin/IdeaProjects/03_02_csm_frameworks_intro_directives/src/store/dsConnector/index.js
FNF:0
FNH:0
LF:0
LH:0
BRF:0
BRH:0
end_of_record
TN:
SF:/home/nadin-katrin/IdeaProjects/03_02_csm_frameworks_intro_directives/src/store/dsConnector/userAdmin/users.js
FN:3,(anonymous_0)
FN:5,(anonymous_1)
FN:11,formatUsers
FN:13,(anonymous_3)
FNF:4
FNH:0
FNDA:0,(anonymous_0)
FNDA:0,(anonymous_1)
FNDA:0,formatUsers
FNDA:0,(anonymous_3)
DA:3,1
DA:4,0
DA:6,0
DA:12,0
DA:13,0
DA:14,0
LF:6
LH:1
BRF:0
BRH:0
end_of_record
TN:
SF:/home/nadin-katrin/IdeaProjects/03_02_csm_frameworks_intro_directives/src/store/dsConnector/kanbanItems/cards.js
FN:4,(anonymous_0)
FN:7,(anonymous_1)
FN:12,(anonymous_2)
FN:16,(anonymous_3)
FN:18,(anonymous_4)
FN:23,(anonymous_5)
FNF:6
FNH:0
FNDA:0,(anonymous_0)
FNDA:0,(anonymous_1)
FNDA:0,(anonymous_2)
FNDA:0,(anonymous_3)
FNDA:0,(anonymous_4)
FNDA:0,(anonymous_5)
DA:4,1
DA:6,0
DA:8,0
DA:12,1
DA:14,0
DA:16,1
DA:17,0
DA:19,0
DA:23,1
DA:24,0
LF:10
LH:4
BRDA:8,0,0,0
BRDA:8,0,1,0
BRDA:19,1,0,0
BRDA:19,1,1,0
BRF:4
BRH:0
end_of_record
TN:
SF:/home/nadin-katrin/IdeaProjects/03_02_csm_frameworks_intro_directives/src/components/nav/Nav.vue
FNF:0
FNH:0
DA:30,4
LF:1
LH:1
BRF:0
BRH:0
end_of_record
TN:
SF:/home/nadin-katrin/IdeaProjects/03_02_csm_frameworks_intro_directives/src/components/nav/components/leftNav.vue
FNF:0
FNH:0
DA:49,6
DA:68,0
LF:2
LH:1
BRDA:62,0,0,0
BRDA:62,0,1,0
BRF:2
BRH:0
end_of_record
TN:
SF:/home/nadin-katrin/IdeaProjects/03_02_csm_frameworks_intro_directives/src/components/nav/components/leftNavLinks.vue
FNF:0
FNH:0
DA:19,1
DA:32,0
LF:2
LH:1
BRDA:27,0,0,0
BRDA:27,0,1,0
BRF:2
BRH:0
end_of_record
TN:
SF:/home/nadin-katrin/IdeaProjects/03_02_csm_frameworks_intro_directives/src/components/nav/components/rightNav.vue
FNF:0
FNH:0
LF:0
LH:0
BRF:0
BRH:0
end_of_record
TN:
SF:/home/nadin-katrin/IdeaProjects/03_02_csm_frameworks_intro_directives/src/components/nav/components/topNav.vue
FNF:0
FNH:0
DA:40,5
LF:1
LH:1
BRF:0
BRH:0
end_of_record
TN:
SF:/home/nadin-katrin/IdeaProjects/03_02_csm_frameworks_intro_directives/src/components/pages/UserAdmin.vue
FNF:0
FNH:0
DA:21,1
LF:1
LH:1
BRF:0
BRH:0
end_of_record
TN:
SF:/home/nadin-katrin/IdeaProjects/03_02_csm_frameworks_intro_directives/src/components/userAdminComponents/UserCard.vue
FNF:0
FNH:0
LF:0
LH:0
BRF:0
BRH:0
end_of_record
TN:
SF:/home/nadin-katrin/IdeaProjects/03_02_csm_frameworks_intro_directives/src/App.vue
FNF:0
FNH:0
DA:25,0
DA:26,0
LF:2
LH:0
BRF:0
BRH:0
end_of_record
TN:
SF:/home/nadin-katrin/IdeaProjects/03_02_csm_frameworks_intro_directives/src/components/footer/Footer.vue
FNF:0
FNH:0
LF:0
LH:0
BRF:0
BRH:0
end_of_record
TN:
SF:/home/nadin-katrin/IdeaProjects/03_02_csm_frameworks_intro_directives/src/plugins/helperFunctions.js
FN:1,(anonymous_0)
FN:10,(anonymous_1)
FN:22,(anonymous_2)
FNF:3
FNH:0
FNDA:0,(anonymous_0)
FNDA:0,(anonymous_1)
FNDA:0,(anonymous_2)
DA:2,0
DA:10,0
DA:13,0
DA:16,0
DA:17,0
DA:22,0
DA:23,0
DA:25,0
DA:28,0
DA:31,0
DA:34,0
LF:11
LH:0
BRDA:18,0,0,0
BRDA:18,0,1,0
BRDA:18,1,0,0
BRDA:18,1,1,0
BRF:4
BRH:0
end_of_record
TN:
SF:/home/nadin-katrin/IdeaProjects/03_02_csm_frameworks_intro_directives/src/plugins/logger.js
FN:9,createLogger
FN:5,(anonymous_1)
FN:6,(anonymous_2)
FN:7,(anonymous_3)
FN:10,(anonymous_4)
FN:13,(anonymous_5)
FN:51,repeat
FN:55,pad
FNF:8
FNH:2
FNDA:1,createLogger
FNDA:0,(anonymous_1)
FNDA:0,(anonymous_2)
FNDA:0,(anonymous_3)
FNDA:1,(anonymous_4)
FNDA:0,(anonymous_5)
FNDA:0,repeat
FNDA:0,pad
DA:5,0
DA:6,0
DA:7,0
DA:10,1
DA:11,1
DA:13,1
DA:14,0
DA:15,0
DA:17,0
DA:19,0
DA:20,0
DA:21,0
DA:22,0
DA:23,0
DA:24,0
DA:29,0
DA:30,0
DA:32,0
DA:35,0
DA:36,0
DA:37,0
DA:39,0
DA:40,0
DA:42,0
DA:46,0
DA:52,0
DA:56,0
LF:27
LH:3
BRDA:3,0,0,1
BRDA:4,1,0,1
BRDA:5,2,0,1
BRDA:6,3,0,1
BRDA:7,4,0,1
BRDA:8,5,0,1
BRDA:14,6,0,0
BRDA:14,6,1,0
BRDA:19,7,0,0
BRDA:19,7,1,0
BRDA:24,8,0,0
BRDA:24,8,1,0
BRF:12
BRH:6
end_of_record
TN:
SF:/home/nadin-katrin/IdeaProjects/03_02_csm_frameworks_intro_directives/src/plugins/util.js
FN:9,find
FN:22,deepCopy
FN:29,(anonymous_2)
FN:42,(anonymous_3)
FN:52,forEachValue
FN:53,(anonymous_5)
FN:56,isObject
FN:60,isPromise
FN:64,assert
FNF:9
FNH:4
FNDA:9,find
FNDA:16,deepCopy
FNDA:36,(anonymous_2)
FNDA:15,(anonymous_3)
FNDA:0,forEachValue
FNDA:0,(anonymous_5)
FNDA:0,isObject
FNDA:0,isPromise
FNDA:0,assert
DA:10,9
DA:24,16
DA:25,7
DA:29,36
DA:30,9
DA:31,0
DA:34,9
DA:37,9
DA:42,9
DA:43,15
DA:46,9
DA:53,0
DA:57,0
DA:61,0
DA:65,0
LF:15
LH:10
BRDA:22,0,0,1
BRDA:24,1,0,7
BRDA:24,1,1,9
BRDA:24,2,0,16
BRDA:24,2,1,16
BRDA:30,3,0,0
BRDA:30,3,1,9
BRDA:34,4,0,3
BRDA:34,4,1,6
BRDA:57,5,0,0
BRDA:57,5,1,0
BRDA:61,6,0,0
BRDA:61,6,1,0
BRDA:65,7,0,0
BRDA:65,7,1,0
BRF:15
BRH:8
end_of_record
TN:
SF:/home/nadin-katrin/IdeaProjects/03_02_csm_frameworks_intro_directives/src/router/index.js
FNF:0
FNH:0
DA:5,1
LF:1
LH:1
BRF:0
BRH:0
end_of_record
TN:
SF:/home/nadin-katrin/IdeaProjects/03_02_csm_frameworks_intro_directives/src/store/index.js
FNF:0
FNH:0
DA:10,1
DA:12,1
LF:2
LH:2
BRDA:20,0,0,1
BRDA:20,0,1,0
BRF:2
BRH:1
end_of_record
TN:
SF:/home/nadin-katrin/IdeaProjects/03_02_csm_frameworks_intro_directives/src/store/modules/kanbancards.js
FN:17,(anonymous_0)
FN:18,(anonymous_1)
FN:19,(anonymous_2)
FN:25,(anonymous_3)
FN:48,getCardId
FN:50,(anonymous_5)
FN:56,getCardOrder
FN:58,(anonymous_7)
FN:68,(anonymous_8)
FN:74,(anonymous_9)
FN:75,(anonymous_10)
FN:83,(anonymous_11)
FN:84,(anonymous_12)
FN:92,(anonymous_13)
FN:101,(anonymous_14)
FN:103,(anonymous_15)
FN:110,generateCard
FNF:17
FNH:0
FNDA:0,(anonymous_0)
FNDA:0,(anonymous_1)
FNDA:0,(anonymous_2)
FNDA:0,(anonymous_3)
FNDA:0,getCardId
FNDA:0,(anonymous_5)
FNDA:0,getCardOrder
FNDA:0,(anonymous_7)
FNDA:0,(anonymous_8)
FNDA:0,(anonymous_9)
FNDA:0,(anonymous_10)
FNDA:0,(anonymous_11)
FNDA:0,(anonymous_12)
FNDA:0,(anonymous_13)
FNDA:0,(anonymous_14)
FNDA:0,(anonymous_15)
FNDA:0,generateCard
DA:4,1
DA:16,1
DA:17,0
DA:18,0
DA:19,0
DA:23,1
DA:25,0
DA:26,0
DA:30,0
DA:33,0
DA:36,0
DA:39,0
DA:40,0
DA:43,0
DA:44,0
DA:49,0
DA:50,0
DA:51,0
DA:53,0
DA:57,0
DA:58,0
DA:59,0
DA:61,0
DA:64,1
DA:66,0
DA:67,0
DA:68,0
DA:69,0
DA:73,0
DA:74,0
DA:75,0
DA:76,0
DA:77,0
DA:79,0
DA:82,0
DA:83,0
DA:84,0
DA:85,0
DA:91,0
DA:92,0
DA:93,0
DA:95,0
DA:96,0
DA:97,0
DA:98,0
DA:101,0
DA:102,0
DA:103,0
DA:105,0
DA:106,0
DA:111,0
LF:51
LH:4
BRDA:51,0,0,0
BRDA:51,0,1,0
BRDA:59,1,0,0
BRDA:59,1,1,0
BRDA:67,2,0,0
BRDA:67,2,1,0
BRDA:67,3,0,0
BRDA:67,3,1,0
BRDA:76,4,0,0
BRDA:76,4,1,0
BRDA:85,5,0,0
BRDA:85,5,1,0
BRDA:93,6,0,0
BRDA:93,6,1,0
BRF:14
BRH:0
end_of_record
TN:
SF:/home/nadin-katrin/IdeaProjects/03_02_csm_frameworks_intro_directives/src/store/dsConnector/apiMock.js
FNF:0
FNH:0
LF:0
LH:0
BRF:0
BRH:0
end_of_record
TN:
SF:/home/nadin-katrin/IdeaProjects/03_02_csm_frameworks_intro_directives/src/store/mutation-types.js
FNF:0
FNH:0
DA:1,1
DA:2,1
DA:3,1
DA:4,1
DA:5,1
DA:6,1
DA:8,1
DA:9,1
DA:10,1
DA:11,1
LF:10
LH:10
BRF:0
BRH:0
end_of_record
